\BOOKMARK [1][-]{section.1}{\376\377\000I\000n\000t\000r\000o\000d\000u\000c\000t\000i\000o\000n}{}% 1
\BOOKMARK [1][-]{section.2}{\376\377\000I\000n\000s\000t\000a\000l\000l\000a\000t\000i\000o\000n\000\040\000i\000n\000s\000t\000r\000u\000c\000t\000i\000o\000n\000s}{}% 2
\BOOKMARK [1][-]{section.3}{\376\377\000U\000n\000i\000t\000s}{}% 3
\BOOKMARK [1][-]{section.4}{\376\377\000A\000\040\000N\000o\000t\000e\000\040\000o\000n\000\040\000P\000r\000e\000c\000i\000s\000i\000o\000n}{}% 4
\BOOKMARK [1][-]{section.5}{\376\377\000O\000r\000i\000e\000n\000t\000a\000t\000i\000o\000n\000s}{}% 5
\BOOKMARK [1][-]{section.6}{\376\377\000U\000s\000i\000n\000g\000\040\000M\000u\000S\000k\000e\000M\000o}{}% 6
\BOOKMARK [2][-]{subsection.6.1}{\376\377\000W\000h\000e\000r\000e\000\040\000M\000u\000S\000k\000e\000M\000o\000\040\000s\000t\000o\000r\000e\000s\000\040\000m\000o\000d\000e\000l\000\040\000d\000a\000t\000a}{section.6}% 7
\BOOKMARK [2][-]{subsection.6.2}{\376\377\000B\000l\000e\000n\000d\000e\000r\000\040\000A\000u\000t\000o\000\040\000S\000a\000v\000e}{section.6}% 8
\BOOKMARK [2][-]{subsection.6.3}{\376\377\000M\000u\000S\000k\000e\000M\000o\000\040\000G\000l\000o\000b\000a\000l\000\040\000S\000e\000t\000t\000i\000n\000g\000s\000\040\000P\000a\000n\000e\000l}{section.6}% 9
\BOOKMARK [2][-]{subsection.6.4}{\376\377\000I\000n\000e\000r\000t\000i\000a\000l\000\040\000p\000r\000o\000p\000e\000r\000t\000i\000e\000s\000\040\000p\000a\000n\000e\000l}{section.6}% 10
\BOOKMARK [2][-]{subsection.6.5}{\376\377\000B\000o\000d\000y\000\040\000p\000a\000n\000e\000l}{section.6}% 11
\BOOKMARK [2][-]{subsection.6.6}{\376\377\000J\000o\000i\000n\000t\000\040\000p\000a\000n\000e\000l}{section.6}% 12
\BOOKMARK [2][-]{subsection.6.7}{\376\377\000M\000u\000s\000c\000l\000e\000\040\000p\000a\000n\000e\000l}{section.6}% 13
\BOOKMARK [2][-]{subsection.6.8}{\376\377\000A\000n\000a\000t\000o\000m\000i\000c\000a\000l\000\040\000\046\000\040\000l\000o\000c\000a\000l\000\040\000r\000e\000f\000e\000r\000e\000n\000c\000e\000\040\000f\000r\000a\000m\000e\000s\000\040\000p\000a\000n\000e\000l}{section.6}% 14
\BOOKMARK [2][-]{subsection.6.9}{\376\377\000L\000a\000n\000d\000m\000a\000r\000k\000\040\000\046\000\040\000m\000a\000r\000k\000e\000r\000\040\000p\000a\000n\000e\000l}{section.6}% 15
\BOOKMARK [2][-]{subsection.6.10}{\376\377\000C\000o\000n\000t\000a\000c\000t\000\040\000p\000a\000n\000e\000l}{section.6}% 16
\BOOKMARK [2][-]{subsection.6.11}{\376\377\000E\000x\000p\000o\000r\000t\000\040\000p\000a\000n\000e\000l}{section.6}% 17
\BOOKMARK [2][-]{subsection.6.12}{\376\377\000I\000m\000p\000o\000r\000t\000\040\000p\000a\000n\000e\000l}{section.6}% 18
\BOOKMARK [3][-]{subsubsection.6.12.1}{\376\377\000O\000p\000e\000n\000S\000i\000m\000\040\000m\000o\000d\000e\000l\000\040\000i\000m\000p\000o\000r\000t}{subsection.6.12}% 19
\BOOKMARK [3][-]{subsubsection.6.12.2}{\376\377\000G\000a\000i\000t\000s\000y\000m\000\040\0002\0000\0001\0009\000\040\000m\000o\000d\000e\000l\000\040\000i\000m\000p\000o\000r\000t}{subsection.6.12}% 20
\BOOKMARK [3][-]{subsubsection.6.12.3}{\376\377\000O\000t\000h\000e\000r\000\040\000s\000i\000m\000u\000l\000a\000t\000o\000r\000s}{subsection.6.12}% 21
\BOOKMARK [2][-]{subsection.6.13}{\376\377\000V\000i\000s\000u\000a\000l\000i\000z\000a\000t\000i\000o\000n\000\040\000p\000a\000n\000e\000l}{section.6}% 22
\BOOKMARK [3][-]{subsubsection.6.13.1}{\376\377\000T\000r\000a\000j\000e\000c\000t\000o\000r\000y\000\040\000i\000m\000p\000o\000r\000t}{subsection.6.13}% 23
\BOOKMARK [3][-]{subsubsection.6.13.2}{\376\377\000V\000i\000s\000u\000a\000l\000i\000z\000a\000t\000i\000o\000n\000\040\000o\000p\000t\000i\000o\000n\000s}{subsection.6.13}% 24
\BOOKMARK [3][-]{subsubsection.6.13.3}{\376\377\000D\000e\000f\000a\000u\000l\000t\000\040\000c\000o\000l\000o\000r\000s}{subsection.6.13}% 25
\BOOKMARK [2][-]{subsection.6.14}{\376\377\000M\000u\000S\000k\000e\000M\000o\000\040\000u\000t\000i\000l\000i\000t\000i\000e\000s}{section.6}% 26
\BOOKMARK [3][-]{subsubsection.6.14.1}{\376\377\000O\000p\000e\000n\000S\000i\000m\000\040\000c\000o\000n\000v\000e\000r\000s\000i\000o\000n}{subsection.6.14}% 27
\BOOKMARK [3][-]{subsubsection.6.14.2}{\376\377\000F\000i\000t\000t\000i\000n\000g\000\040\000m\000u\000s\000c\000l\000e\000\040\000l\000i\000n\000e\000s\000\040\000o\000f\000\040\000a\000c\000t\000i\000o\000n}{subsection.6.14}% 28
\BOOKMARK [3][-]{subsubsection.6.14.3}{\376\377\000M\000u\000S\000k\000e\000M\000o\000\040\000v\000e\000r\000s\000i\000o\000n\000\040\000u\000p\000d\000a\000t\000e\000r}{subsection.6.14}% 29
\BOOKMARK [1][-]{section.7}{\376\377\000M\000u\000S\000k\000e\000M\000o\000\040\000D\000a\000t\000a\000\040\000T\000y\000p\000e\000s}{}% 30
\BOOKMARK [2][-]{subsection.7.1}{\376\377\000B\000O\000D\000Y}{section.7}% 31
\BOOKMARK [2][-]{subsection.7.2}{\376\377\000G\000E\000O\000M\000E\000T\000R\000Y}{section.7}% 32
\BOOKMARK [2][-]{subsection.7.3}{\376\377\000M\000U\000S\000C\000L\000E}{section.7}% 33
\BOOKMARK [2][-]{subsection.7.4}{\376\377\000J\000O\000I\000N\000T}{section.7}% 34
\BOOKMARK [2][-]{subsection.7.5}{\376\377\000L\000A\000N\000D\000M\000A\000R\000K}{section.7}% 35
\BOOKMARK [2][-]{subsection.7.6}{\376\377\000C\000O\000N\000T\000A\000C\000T}{section.7}% 36
\BOOKMARK [2][-]{subsection.7.7}{\376\377\000F\000R\000A\000M\000E}{section.7}% 37
\BOOKMARK [2][-]{subsection.7.8}{\376\377\000G\000E\000O\000M\000\137\000P\000R\000I\000M\000I\000T\000I\000V\000E}{section.7}% 38
\BOOKMARK [2][-]{subsection.7.9}{\376\377\000W\000R\000A\000P}{section.7}% 39
\BOOKMARK [1][-]{appendix.A}{\376\377\000E\000u\000l\000e\000r\000\040\000a\000n\000g\000l\000e\000s}{}% 40
\BOOKMARK [2][-]{subsection.A.1}{\376\377\000C\000o\000n\000v\000e\000n\000t\000i\000o\000n\000s\000\040\000u\000s\000e\000d\000\040\000b\000y\000\040\000M\000u\000S\000k\000e\000M\000o}{appendix.A}% 41
\BOOKMARK [2][-]{subsection.A.2}{\376\377\000U\000n\000d\000e\000r\000s\000t\000a\000n\000d\000i\000n\000g\000\040\000d\000e\000c\000o\000m\000p\000o\000s\000e\000d\000\040\000s\000u\000c\000c\000e\000s\000s\000i\000v\000e\000\040\000r\000o\000t\000a\000t\000i\000o\000n\000s}{appendix.A}% 42
\BOOKMARK [1][-]{appendix.B}{\376\377\000R\000o\000t\000a\000t\000i\000o\000n\000\040\000q\000u\000a\000t\000e\000r\000n\000i\000o\000n\000s}{}% 43
\BOOKMARK [1][-]{section*.10}{\376\377\000R\000e\000f\000e\000r\000e\000n\000c\000e\000s}{}% 44
